-------------------------------------------------------------------------------
Test set: com.aicode.parser.JavaParserServiceTest
-------------------------------------------------------------------------------
Tests run: 1, Failures: 1, Errors: 0, Skipped: 0, Time elapsed: 0.075 s <<< FAILURE! -- in com.aicode.parser.JavaParserServiceTest
com.aicode.parser.JavaParserServiceTest.parseProject_shouldFindUserControllerWithMethods -- Time elapsed: 0.058 s <<< FAILURE!
java.lang.AssertionError: 

Expecting actual not to be empty
	at com.aicode.parser.JavaParserServiceTest.parseProject_shouldFindUserControllerWithMethods(JavaParserServiceTest.java:49)
	at java.base/java.lang.reflect.Method.invoke(Method.java:580)
	at java.base/java.util.ArrayList.forEach(ArrayList.java:1596)
	at java.base/java.util.ArrayList.forEach(ArrayList.java:1596)

