<?xml version="1.0" encoding="UTF-8"?>
<testsuite xmlns:xsi="http://www.w3.org/2001/XMLSchema-instance" xsi:noNamespaceSchemaLocation="https://maven.apache.org/surefire/maven-surefire-plugin/xsd/surefire-test-report.xsd" version="3.0.2" name="com.aicode.analysis.CallGraphServiceTest" time="0.222" tests="1" errors="0" skipped="0" failures="0">
  <properties>
[...]
</properties>
  <testcase name="buildFromScanContext_shouldBuildCorrectCallGraph" classname="com.aicode.analysis.CallGraphServiceTest" time="0.208">
    <system-out><![CDATA[2026-06-16T11:52:34.485+08:00  INFO 4312 --- [ai-code-reviewer] [           main] t.c.s.AnnotationConfigContextLoaderUtils : Could not detect default configuration classes for test class [com.aicode.analysis.CallGraphServiceTest]: CallGraphServiceTest does not declare any static, non-private, non-final, nested classes annotated with @Configuration.
2026-06-16T11:52:34.496+08:00  INFO 4312 --- [ai-code-reviewer] [           main] .b.t.c.SpringBootTestContextBootstrapper : Found @SpringBootConfiguration com.aicode.AiCodeReviewerApplication for test class com.aicode.analysis.CallGraphServiceTest
2026-06-16T11:52:34.501+08:00  INFO 4312 --- [ai-code-reviewer] [           main] c.a.parser.impl.JavaParserServiceImpl    : 扫描到 7 个 Java 文件
2026-06-16T11:52:34.645+08:00  INFO 4312 --- [ai-code-reviewer] [           main] c.a.parser.impl.JavaParserServiceImpl    : 扫描完成: projectId=1, files=7, controllers=1, services=2, mappers=2, entities=2, elapsed=145ms
===================================
扫描路径: D:/test-project
Controller: 1
Service: 2
Mapper: 2
===================================
2026-06-16T11:52:34.695+08:00  INFO 4312 --- [ai-code-reviewer] [           main] c.a.a.service.impl.CallGraphServiceImpl  : CallGraph 构建完成: projectId=1, nodes=17, edges=10, rootNodes=3
===================================
CallGraph:
  totalNodes: 17
  totalEdges: 10
  rootNodes: [com.example.controller.UserController.save, com.example.controller.UserController.update, com.example.controller.UserController.delete]
===================================
  [Controller] com.example.controller.UserController.save
  [Controller] com.example.controller.UserController.update
  [Controller] com.example.controller.UserController.delete
  [Service] com.example.service.impl.OrderServiceImpl.create
  [Service] com.example.service.impl.OrderServiceImpl.cancel
  [Service] com.example.service.impl.OrderServiceImpl.query
  [Service] com.example.service.impl.UserServiceImpl.save
  [Service] com.example.service.impl.UserServiceImpl.update
  [Service] com.example.service.impl.UserServiceImpl.query
  [Service] com.example.service.impl.UserServiceImpl.delete
===================================
Edges:
  UserController.save() --[SERVICE_CALL]--> UserServiceImpl.save() (line 12)
  UserController.update() --[SERVICE_CALL]--> UserServiceImpl.update() (line 18)
  UserController.delete() --[SERVICE_CALL]--> UserServiceImpl.delete() (line 24)
  OrderServiceImpl.create() --[MAPPER_CALL]--> OrderMapper.insert() (line 10)
  OrderServiceImpl.cancel() --[MAPPER_CALL]--> OrderMapper.update() (line 14)
  OrderServiceImpl.query() --[MAPPER_CALL]--> OrderMapper.select() (line 19)
  UserServiceImpl.save() --[MAPPER_CALL]--> UserMapper.insert() (line 12)
  UserServiceImpl.update() --[MAPPER_CALL]--> UserMapper.update() (line 16)
  UserServiceImpl.query() --[MAPPER_CALL]--> UserMapper.select() (line 20)
  UserServiceImpl.delete() --[MAPPER_CALL]--> UserMapper.delete() (line 25)
===================================
SERVICE_CALL 边数: 3
MAPPER_CALL 边数: 7
RootNodes: [com.example.controller.UserController.save, com.example.controller.UserController.update, com.example.controller.UserController.delete]
===================================
✅ Task-11 CallGraphService 测试通过！
]]></system-out>
  </testcase>
</testsuite>